mktextfm IPAMincho/OT
mktextfm IPAMincho/OT
mktextfm IPAMincho/OT
mktextfm IPAMincho/BI/OT
mktextfm IPAMincho/OT
mktextfm IPAMincho/B/OT
mktextfm IPAMincho/OT
mktextfm IPAMincho/I/OT
mktextfm IPAMincho/OT
mktextfm IPAMincho/OT
mktextfm IPAGothic/OT
mktextfm IPAGothic/OT
mktextfm IPAGothic/OT
mktextfm IPAGothic/BI/OT
mktextfm IPAGothic/OT
mktextfm IPAGothic/B/OT
mktextfm IPAGothic/OT
mktextfm IPAGothic/I/OT
mktextfm IPAGothic/OT
mktextfm IPAGothic/OT
mktextfm IPAGothic/OT
mktextfm IPAMincho/OT
mktextfm IPAMincho/OT
mktextfm IPAMincho/OT
mktextfm IPAMincho/OT
mktextfm IPAMincho/BI/OT
mktextfm IPAMincho/OT
mktextfm IPAMincho/B/OT
mktextfm IPAMincho/OT
mktextfm IPAMincho/I/OT
mktextfm IPAMincho/OT
mktextfm IPAMincho/OT
mktextfm IPAGothic/OT
mktextfm IPAMincho/OT
mktextfm IPAMincho/OT
mktextfm IPAMincho/OT
mktextfm IPAMincho/BI/OT
mktextfm IPAMincho/OT
mktextfm IPAMincho/B/OT
mktextfm IPAMincho/OT
mktextfm IPAMincho/I/OT
mktextfm IPAMincho/OT
mktextfm IPAMincho/OT
